<?xml version="1.0" encoding="UTF-8"?>
<!-- Generated by org.testng.reporters.JUnitXMLReporter -->
<testsuite ignored="0" hostname="LAPTOP-0SSNR9QF" failures="0" tests="3" name="Default test" time="25.267" errors="0" timestamp="2025-08-27T19:00:47 ICT">
  <testcase classname="automation.testsuite.TEDU_UpdatePass_Test" name="loginSuccessfully" time="3.208"/>
  <testcase classname="automation.testsuite.TEDU_UpdatePass_Test" name="searchCourseSuccessfully" time="5.859"/>
  <testcase classname="automation.testsuite.TEDU_UpdatePass_Test" name="updatePassSuccessfully" time="7.637"/>
</testsuite> <!-- Default test -->
