<?xml version="1.0" encoding="UTF-8"?>
<testng-results ignored="0" total="1" passed="1" failed="0" skipped="0">
  <reporter-output>
  </reporter-output>
  <suite started-at="2025-08-09T16:51:00 ICT" name="Default suite" finished-at="2025-08-09T16:51:11 ICT" duration-ms="11860">
    <groups>
    </groups>
    <test started-at="2025-08-09T16:51:00 ICT" name="Default test" finished-at="2025-08-09T16:51:11 ICT" duration-ms="11860">
      <class name="automation.testsuite.Day12_HandleCheckbox">
        <test-method signature="chooseHobbies()[pri:0, instance:automation.testsuite.Day12_HandleCheckbox@4218d6a3]" started-at="2025-08-09T16:51:00 ICT" name="chooseHobbies" finished-at="2025-08-09T16:51:11 ICT" duration-ms="11823" status="PASS">
          <reporter-output>
          </reporter-output>
        </test-method> <!-- chooseHobbies -->
      </class> <!-- automation.testsuite.Day12_HandleCheckbox -->
    </test> <!-- Default test -->
  </suite> <!-- Default suite -->
</testng-results>
