<?xml version="1.0" encoding="UTF-8"?>
<!-- Generated by org.testng.reporters.JUnitXMLReporter -->
<testsuite ignored="0" hostname="LAPTOP-0SSNR9QF" failures="0" tests="2" name="Regression test on Edge" time="15.147" errors="0" timestamp="2025-09-08T22:34:17 ICT">
  <testcase classname="automation.testsuite.Day18_Homework1" name="checkZaloLink" time="2.166"/>
  <testcase classname="automation.testsuite.Day18_Homework2" name="checkZaloLink" time="2.375"/>
</testsuite> <!-- Regression test on Edge -->
