<?xml version="1.0" encoding="UTF-8"?>
<!-- Generated by org.testng.reporters.JUnitXMLReporter -->
<testsuite ignored="0" hostname="LAPTOP-0SSNR9QF" failures="0" tests="2" name="Regression test on Firefox" time="45.471" errors="0" timestamp="2025-09-08T22:35:03 ICT">
  <testcase classname="automation.testsuite.Day18_Homework1" name="checkZaloLink" time="0.0">
    <skipped/>
  </testcase> <!-- checkZaloLink -->
  <testcase classname="automation.testsuite.Day18_Homework2" name="checkZaloLink" time="2.193"/>
</testsuite> <!-- Regression test on Firefox -->
